[localhost_2368/index.html]
[backblue.gif]
[fade.gif]
[index.html]
[localhost_2368/assets/built/screen2a06.css]
[localhost_2368/content/images/2021/01/IMG_0494.png]
[localhost_2368/content/images/size/w1000/2021/01/IMG_0494.png]
[localhost_2368/rss/index.html]
[localhost_2368/index.html]
[localhost_2368/assets/built/casper2a06.js]
[localhost_2368/assets/built/screen2a06.css]
[localhost_2368/welcome/index.html]
[localhost_2368/author/ghost/index.html]
[localhost_2368/welcome/index.html]
[localhost_2368/author/ghost/index.html]
[localhost_2368/welcome/amp/index.html]
[localhost_2368/tag/getting-started/index.html]
[localhost_2368/the-editor/index.html]
[localhost_2368/welcome/amp/index.html]
[localhost_2368/tag/getting-started/index.html]
[localhost_2368/the-editor/index.html]
